2021-10-29 21:52:17,406 - INFO - Power law fit result:
2021-10-29 21:52:17,406 - INFO - Is discrete: True
2021-10-29 21:52:17,406 - INFO - x_min = 21.0
2021-10-29 21:52:17,406 - INFO - power_law_alpha = 2.2087943373174532
2021-10-29 21:52:17,406 - INFO - power_law_D = 0.031793627859173945
2021-10-29 21:52:17,406 - INFO - 

2021-10-29 21:52:17,422 - INFO - Compare with exponential:
2021-10-29 21:52:17,422 - INFO - R = 1662.616123269303
2021-10-29 21:52:17,422 - INFO - p = 3.842055515880253e-22
2021-10-29 21:52:17,422 - INFO - 

2021-10-29 21:52:18,882 - INFO - Compare with truncated power law:
2021-10-29 21:52:18,882 - INFO - R = -87.90412665708286
2021-10-29 21:52:18,882 - INFO - p = 0.0
2021-10-29 21:52:18,882 - INFO - 

2021-10-29 21:52:18,963 - INFO - Compare with lognormal:
2021-10-29 21:52:18,963 - INFO - R = -91.7219051994589
2021-10-29 21:52:18,963 - INFO - p = 1.485582886406441e-15
2021-10-29 21:52:18,963 - INFO - 

2021-10-29 21:52:19,491 - INFO - Compare with stretched exponential:
2021-10-29 21:52:19,491 - INFO - R = -94.31165501722582
2021-10-29 21:52:19,491 - INFO - p = 1.3578920067153931e-15
2021-10-29 21:52:19,492 - INFO - 

2021-10-29 21:52:19,492 - INFO - Truncated power law fit result: 
2021-10-29 21:52:19,492 - INFO - alpha = 1.960974461456563
2021-10-29 21:52:19,492 - INFO - lambda = 0.0018209008154523095
2021-10-29 21:52:19,492 - INFO - 

2021-10-29 21:52:19,492 - INFO - Lognormal fit result: 
2021-10-29 21:52:19,492 - INFO - mu = 0.6496927407908041
2021-10-29 21:52:19,492 - INFO - sigma = 1.7790230652159806
2021-10-29 21:52:19,896 - INFO - Calculating clustering coefficient...
2021-10-29 21:52:19,902 - INFO - u_approximate clustering coefficient: 0.050374257936849354
2021-10-29 21:52:19,902 - INFO - 
2021-10-29 21:52:19,902 - INFO - Plot cumulative distribution of local clustering coefficient...
2021-10-29 21:52:19,964 - INFO - Plot local clustering coefficient done.

2021-10-29 21:52:19,964 - INFO - Plot connected components...
2021-10-29 21:52:20,202 - INFO - Number of connected components: 5
2021-10-29 21:52:20,202 - INFO - The largest connected component size: 23238
2021-10-29 21:52:20,225 - INFO - LCC nodes percentage: 0.9996558547707133
2021-10-29 21:52:20,225 - INFO - LCC edges percentage: 0.9999888854927894
2021-10-29 21:52:20,225 - INFO - Components done.

2021-10-29 21:52:20,225 - INFO - Calculating eigenvector centrality...
2021-10-29 21:52:20,674 - INFO - Eigenvector centrality done.

2021-10-29 21:52:20,674 - INFO - Calculating diameter...
2021-10-29 21:52:20,681 - INFO - Diameter: (9, 0)
2021-10-29 21:52:20,681 - INFO - 

2021-10-29 21:52:20,681 - INFO - Calculating effective diameter...
2021-10-29 21:52:21,399 - INFO - Effective diameter: 4.620750494879077
2021-10-29 21:52:21,399 - INFO - Distance done.

2021-10-29 21:52:21,399 - INFO - Calculating assorsativity...
2021-10-29 21:52:22,027 - INFO - Assorsativity: -0.054614541011809806
2021-10-29 21:52:22,028 - INFO - Plot assorsativity...
2021-10-29 21:52:22,394 - INFO - Assorsativity done

2021-10-29 21:52:22,394 - INFO - ******************************************
2021-10-29 21:52:22,394 - INFO - Done ^-^
