2021-10-29 21:52:24,836 - INFO - Power law fit result:
2021-10-29 21:52:24,836 - INFO - Is discrete: True
2021-10-29 21:52:24,836 - INFO - x_min = 158.0
2021-10-29 21:52:24,836 - INFO - power_law_alpha = 2.8443260067597884
2021-10-29 21:52:24,836 - INFO - power_law_D = 0.029737035925497035
2021-10-29 21:52:24,836 - INFO - 

2021-10-29 21:52:24,838 - INFO - Compare with exponential:
2021-10-29 21:52:24,838 - INFO - R = 56.646609483504335
2021-10-29 21:52:24,838 - INFO - p = 0.06744481739872858
2021-10-29 21:52:24,838 - INFO - 

2021-10-29 21:52:26,118 - INFO - Compare with truncated power law:
2021-10-29 21:52:26,118 - INFO - R = -0.6674008870914196
2021-10-29 21:52:26,118 - INFO - p = 0.24795277036106889
2021-10-29 21:52:26,118 - INFO - 

2021-10-29 21:52:26,127 - INFO - Compare with lognormal:
2021-10-29 21:52:26,127 - INFO - R = -1.0215360429943567
2021-10-29 21:52:26,128 - INFO - p = 0.478255939177481
2021-10-29 21:52:26,128 - INFO - 

2021-10-29 21:52:26,188 - INFO - Compare with stretched exponential:
2021-10-29 21:52:26,188 - INFO - R = -0.937951501235756
2021-10-29 21:52:26,188 - INFO - p = 0.625301173894339
2021-10-29 21:52:26,188 - INFO - 

2021-10-29 21:52:26,188 - INFO - Truncated power law fit result: 
2021-10-29 21:52:26,188 - INFO - alpha = 2.68871297311963
2021-10-29 21:52:26,188 - INFO - lambda = 0.00026659181358239335
2021-10-29 21:52:26,188 - INFO - 

2021-10-29 21:52:26,188 - INFO - Lognormal fit result: 
2021-10-29 21:52:26,188 - INFO - mu = -0.31061948415168233
2021-10-29 21:52:26,188 - INFO - sigma = 1.8608690966665966
